<?xml version="1.0" encoding="UTF-8"?>
<testsuite xmlns:xsi="http://www.w3.org/2001/XMLSchema-instance" xsi:noNamespaceSchemaLocation="https://maven.apache.org/surefire/maven-surefire-plugin/xsd/surefire-test-report-3.0.xsd" version="3.0" name="com.biblioteca.auth.controller.AuthControllerIntegrationTest" time="4.146" tests="8" errors="0" skipped="0" failures="0">
  <properties>
[...]
</properties>
  <testcase name="deberiaRegistrarUsuarioExitosamente" classname="com.biblioteca.auth.controller.AuthControllerIntegrationTest" time="0.67">
    <system-out><![CDATA[2026-05-23T00:45:34.736-03:00  INFO 74129 --- [           main] t.c.s.AnnotationConfigContextLoaderUtils : Could not detect default configuration classes for test class [com.biblioteca.auth.controller.AuthControllerIntegrationTest]: AuthControllerIntegrationTest does not declare any static, non-private, non-final, nested classes annotated with @Configuration.
2026-05-23T00:45:34.739-03:00  INFO 74129 --- [           main] .b.t.c.SpringBootTestContextBootstrapper : Found @SpringBootConfiguration com.biblioteca.AuthServiceApplication for test class com.biblioteca.auth.controller.AuthControllerIntegrationTest

  .   ____          _            __ _ _
 /\\ / ___'_ __ _ _(_)_ __  __ _ \ \ \ \
( ( )\___ | '_ | '_| | '_ \/ _` | \ \ \ \
 \\/  ___)| |_)| | | | | || (_| |  ) ) ) )
  '  |____| .__|_| |_|_| |_\__, | / / / /
 =========|_|==============|___/=/_/_/_/
 :: Spring Boot ::                (v3.2.1)

2026-05-23T00:45:34.769-03:00  INFO 74129 --- [           main] c.b.a.c.AuthControllerIntegrationTest    : Starting AuthControllerIntegrationTest using Java 17.0.12 with PID 74129 (started by familia in /Users/familia/Desktop/spring/biblioteca-microservicios/auth-service)
2026-05-23T00:45:34.769-03:00 DEBUG 74129 --- [           main] c.b.a.c.AuthControllerIntegrationTest    : Running with Spring Boot v3.2.1, Spring v6.1.2
2026-05-23T00:45:34.769-03:00  INFO 74129 --- [           main] c.b.a.c.AuthControllerIntegrationTest    : No active profile set, falling back to 1 default profile: "default"
2026-05-23T00:45:35.203-03:00  INFO 74129 --- [           main] .s.d.r.c.RepositoryConfigurationDelegate : Bootstrapping Spring Data JPA repositories in DEFAULT mode.
2026-05-23T00:45:35.214-03:00  INFO 74129 --- [           main] .s.d.r.c.RepositoryConfigurationDelegate : Finished Spring Data repository scanning in 10 ms. Found 1 JPA repository interface.
2026-05-23T00:45:35.463-03:00  INFO 74129 --- [           main] o.hibernate.jpa.internal.util.LogHelper  : HHH000204: Processing PersistenceUnitInfo [name: default]
2026-05-23T00:45:35.467-03:00  INFO 74129 --- [           main] o.h.c.internal.RegionFactoryInitiator    : HHH000026: Second-level cache disabled
2026-05-23T00:45:35.472-03:00  INFO 74129 --- [           main] o.s.o.j.p.SpringPersistenceUnitInfo      : No LoadTimeWeaver setup: ignoring JPA class transformer
2026-05-23T00:45:35.473-03:00  INFO 74129 --- [           main] com.zaxxer.hikari.HikariDataSource       : HikariPool-5 - Starting...
2026-05-23T00:45:35.474-03:00  INFO 74129 --- [           main] com.zaxxer.hikari.pool.HikariPool        : HikariPool-5 - Added connection conn40: url=jdbc:h2:mem:testdb user=SA
2026-05-23T00:45:35.474-03:00  INFO 74129 --- [           main] com.zaxxer.hikari.HikariDataSource       : HikariPool-5 - Start completed.
2026-05-23T00:45:35.475-03:00  WARN 74129 --- [           main] org.hibernate.orm.deprecation            : HHH90000025: H2Dialect does not need to be specified explicitly using 'hibernate.dialect' (remove the property setting and it will be selected by default)
2026-05-23T00:45:35.514-03:00  INFO 74129 --- [           main] o.h.e.t.j.p.i.JtaPlatformInitiator       : HHH000489: No JTA platform available (set 'hibernate.transaction.jta.platform' to enable JTA platform integration)
2026-05-23T00:45:35.528-03:00  INFO 74129 --- [           main] j.LocalContainerEntityManagerFactoryBean : Initialized JPA EntityManagerFactory for persistence unit 'default'
2026-05-23T00:45:36.035-03:00  WARN 74129 --- [           main] JpaBaseConfiguration$JpaWebConfiguration : spring.jpa.open-in-view is enabled by default. Therefore, database queries may be performed during view rendering. Explicitly configure spring.jpa.open-in-view to disable this warning
2026-05-23T00:45:36.083-03:00  WARN 74129 --- [           main] .s.s.UserDetailsServiceAutoConfiguration : 

Using generated security password: 9570bf52-658e-43e5-b648-ea2ea5fc9a99

This generated password is for development use only. Your security configuration must be updated before running your application in production.

2026-05-23T00:45:36.617-03:00  INFO 74129 --- [           main] o.s.b.a.e.web.EndpointLinksResolver      : Exposing 1 endpoint(s) beneath base path '/actuator'
2026-05-23T00:45:36.683-03:00  INFO 74129 --- [           main] o.s.s.web.DefaultSecurityFilterChain     : Will secure any request with [org.springframework.security.web.session.DisableEncodeUrlFilter@65c8cf3e, org.springframework.security.web.context.request.async.WebAsyncManagerIntegrationFilter@2dfcc324, org.springframework.security.web.context.SecurityContextHolderFilter@419fff31, org.springframework.security.web.header.HeaderWriterFilter@ff13935, org.springframework.web.filter.CorsFilter@7c54320d, org.springframework.security.web.authentication.logout.LogoutFilter@3f3ddcd7, com.biblioteca.common.security.JwtFilter@67d3d70a, org.springframework.security.web.savedrequest.RequestCacheAwareFilter@6aa7362c, org.springframework.security.web.servletapi.SecurityContextHolderAwareRequestFilter@7a191aed, org.springframework.security.web.authentication.AnonymousAuthenticationFilter@2ec8f0c8, org.springframework.security.web.session.SessionManagementFilter@1d2a39cb, org.springframework.security.web.access.ExceptionTranslationFilter@fff262d, org.springframework.security.web.access.intercept.AuthorizationFilter@78dade2b]
2026-05-23T00:45:37.406-03:00 DEBUG 74129 --- [           main] c.biblioteca.common.security.JwtFilter   : Filter 'jwtFilter' configured for use
2026-05-23T00:45:37.406-03:00  INFO 74129 --- [           main] o.s.b.t.m.w.SpringBootMockServletContext : Initializing Spring TestDispatcherServlet ''
2026-05-23T00:45:37.406-03:00  INFO 74129 --- [           main] o.s.t.web.servlet.TestDispatcherServlet  : Initializing Servlet ''
2026-05-23T00:45:37.409-03:00  INFO 74129 --- [           main] o.s.t.web.servlet.TestDispatcherServlet  : Completed initialization in 2 ms
2026-05-23T00:45:37.449-03:00  INFO 74129 --- [           main] c.b.a.c.AuthControllerIntegrationTest    : Started AuthControllerIntegrationTest in 2.707 seconds (process running for 25.362)
]]></system-out>
  </testcase>
  <testcase name="deberiaRechazarRegistroConUsernameDuplicado" classname="com.biblioteca.auth.controller.AuthControllerIntegrationTest" time="0.153"/>
  <testcase name="deberiaHacerLoginExitosamente" classname="com.biblioteca.auth.controller.AuthControllerIntegrationTest" time="0.192"/>
  <testcase name="deberiaAsignarRolUserPorDefecto" classname="com.biblioteca.auth.controller.AuthControllerIntegrationTest" time="0.14"/>
  <testcase name="deberiaRechazarLoginConUsuarioInexistente" classname="com.biblioteca.auth.controller.AuthControllerIntegrationTest" time="0.014"/>
  <testcase name="deberiaRechazarRegistroConPasswordCorto" classname="com.biblioteca.auth.controller.AuthControllerIntegrationTest" time="0.033"/>
  <testcase name="deberiaRechazarLoginConCredencialesIncorrectas" classname="com.biblioteca.auth.controller.AuthControllerIntegrationTest" time="0.204"/>
  <testcase name="deberiaRechazarRegistroConUsernameVacio" classname="com.biblioteca.auth.controller.AuthControllerIntegrationTest" time="0.012"/>
</testsuite>