<?xml version="1.0" encoding="UTF-8"?>
<testsuite xmlns:xsi="http://www.w3.org/2001/XMLSchema-instance" xsi:noNamespaceSchemaLocation="https://maven.apache.org/surefire/maven-surefire-plugin/xsd/surefire-test-report-3.0.xsd" version="3.0" name="com.biblioteca.auth.AuthServiceApplicationTests" time="13.7" tests="2" errors="0" skipped="0" failures="0">
  <properties>
[...]
</properties>
  <testcase name="mainMethodTest" classname="com.biblioteca.auth.AuthServiceApplicationTests" time="2.385">
    <system-out><![CDATA[00:45:13.524 [main] INFO org.springframework.test.context.support.AnnotationConfigContextLoaderUtils -- Could not detect default configuration classes for test class [com.biblioteca.auth.AuthServiceApplicationTests]: AuthServiceApplicationTests does not declare any static, non-private, non-final, nested classes annotated with @Configuration.
00:45:13.712 [main] INFO org.springframework.boot.test.context.SpringBootTestContextBootstrapper -- Found @SpringBootConfiguration com.biblioteca.AuthServiceApplication for test class com.biblioteca.auth.AuthServiceApplicationTests

  .   ____          _            __ _ _
 /\\ / ___'_ __ _ _(_)_ __  __ _ \ \ \ \
( ( )\___ | '_ | '_| | '_ \/ _` | \ \ \ \
 \\/  ___)| |_)| | | | | || (_| |  ) ) ) )
  '  |____| .__|_| |_|_| |_\__, | / / / /
 =========|_|==============|___/=/_/_/_/
 :: Spring Boot ::                (v3.2.1)

2026-05-23T00:45:14.320-03:00  INFO 74129 --- [           main] c.b.auth.AuthServiceApplicationTests     : Starting AuthServiceApplicationTests using Java 17.0.12 with PID 74129 (started by familia in /Users/familia/Desktop/spring/biblioteca-microservicios/auth-service)
2026-05-23T00:45:14.321-03:00 DEBUG 74129 --- [           main] c.b.auth.AuthServiceApplicationTests     : Running with Spring Boot v3.2.1, Spring v6.1.2
2026-05-23T00:45:14.322-03:00  INFO 74129 --- [           main] c.b.auth.AuthServiceApplicationTests     : No active profile set, falling back to 1 default profile: "default"
2026-05-23T00:45:16.239-03:00  INFO 74129 --- [           main] .s.d.r.c.RepositoryConfigurationDelegate : Bootstrapping Spring Data JPA repositories in DEFAULT mode.
2026-05-23T00:45:16.336-03:00  INFO 74129 --- [           main] .s.d.r.c.RepositoryConfigurationDelegate : Finished Spring Data repository scanning in 83 ms. Found 1 JPA repository interface.
2026-05-23T00:45:18.002-03:00  INFO 74129 --- [           main] o.hibernate.jpa.internal.util.LogHelper  : HHH000204: Processing PersistenceUnitInfo [name: default]
2026-05-23T00:45:18.133-03:00  INFO 74129 --- [           main] org.hibernate.Version                    : HHH000412: Hibernate ORM core version 6.4.1.Final
2026-05-23T00:45:18.199-03:00  INFO 74129 --- [           main] o.h.c.internal.RegionFactoryInitiator    : HHH000026: Second-level cache disabled
2026-05-23T00:45:18.618-03:00  INFO 74129 --- [           main] o.s.o.j.p.SpringPersistenceUnitInfo      : No LoadTimeWeaver setup: ignoring JPA class transformer
2026-05-23T00:45:18.715-03:00  INFO 74129 --- [           main] com.zaxxer.hikari.HikariDataSource       : HikariPool-1 - Starting...
2026-05-23T00:45:19.269-03:00  INFO 74129 --- [           main] com.zaxxer.hikari.pool.HikariPool        : HikariPool-1 - Added connection conn0: url=jdbc:h2:mem:testdb user=SA
2026-05-23T00:45:19.272-03:00  INFO 74129 --- [           main] com.zaxxer.hikari.HikariDataSource       : HikariPool-1 - Start completed.
2026-05-23T00:45:19.328-03:00  WARN 74129 --- [           main] org.hibernate.orm.deprecation            : HHH90000025: H2Dialect does not need to be specified explicitly using 'hibernate.dialect' (remove the property setting and it will be selected by default)
2026-05-23T00:45:20.984-03:00  INFO 74129 --- [           main] o.h.e.t.j.p.i.JtaPlatformInitiator       : HHH000489: No JTA platform available (set 'hibernate.transaction.jta.platform' to enable JTA platform integration)
2026-05-23T00:45:21.035-03:00  INFO 74129 --- [           main] j.LocalContainerEntityManagerFactoryBean : Initialized JPA EntityManagerFactory for persistence unit 'default'
2026-05-23T00:45:21.868-03:00  WARN 74129 --- [           main] JpaBaseConfiguration$JpaWebConfiguration : spring.jpa.open-in-view is enabled by default. Therefore, database queries may be performed during view rendering. Explicitly configure spring.jpa.open-in-view to disable this warning
2026-05-23T00:45:21.994-03:00  WARN 74129 --- [           main] .s.s.UserDetailsServiceAutoConfiguration : 

Using generated security password: d38df232-a828-4337-ba38-21b30d7e646d

This generated password is for development use only. Your security configuration must be updated before running your application in production.

2026-05-23T00:45:23.489-03:00  INFO 74129 --- [           main] o.s.b.a.e.web.EndpointLinksResolver      : Exposing 1 endpoint(s) beneath base path '/actuator'
2026-05-23T00:45:23.593-03:00  INFO 74129 --- [           main] o.s.s.web.DefaultSecurityFilterChain     : Will secure any request with [org.springframework.security.web.session.DisableEncodeUrlFilter@11247d9e, org.springframework.security.web.context.request.async.WebAsyncManagerIntegrationFilter@52a08618, org.springframework.security.web.context.SecurityContextHolderFilter@6b374f4c, org.springframework.security.web.header.HeaderWriterFilter@4c934e47, org.springframework.web.filter.CorsFilter@1b6a7e0d, org.springframework.security.web.authentication.logout.LogoutFilter@1f0db41a, com.biblioteca.common.security.JwtFilter@6f2d3666, org.springframework.security.web.savedrequest.RequestCacheAwareFilter@7114f077, org.springframework.security.web.servletapi.SecurityContextHolderAwareRequestFilter@3503fde2, org.springframework.security.web.authentication.AnonymousAuthenticationFilter@1d0bca2f, org.springframework.security.web.session.SessionManagementFilter@2194dd0d, org.springframework.security.web.access.ExceptionTranslationFilter@4a209b55, org.springframework.security.web.access.intercept.AuthorizationFilter@29a9ce74]
2026-05-23T00:45:24.501-03:00  INFO 74129 --- [           main] c.b.auth.AuthServiceApplicationTests     : Started AuthServiceApplicationTests in 10.531 seconds (process running for 12.415)

  .   ____          _            __ _ _
 /\\ / ___'_ __ _ _(_)_ __  __ _ \ \ \ \
( ( )\___ | '_ | '_| | '_ \/ _` | \ \ \ \
 \\/  ___)| |_)| | | | | || (_| |  ) ) ) )
  '  |____| .__|_| |_|_| |_\__, | / / / /
 =========|_|==============|___/=/_/_/_/
 :: Spring Boot ::                (v3.2.1)

2026-05-23T00:45:25.198-03:00  INFO 74129 --- [           main] com.biblioteca.AuthServiceApplication    : Starting AuthServiceApplication using Java 17.0.12 with PID 74129 (started by familia in /Users/familia/Desktop/spring/biblioteca-microservicios/auth-service)
2026-05-23T00:45:25.198-03:00 DEBUG 74129 --- [           main] com.biblioteca.AuthServiceApplication    : Running with Spring Boot v3.2.1, Spring v6.1.2
2026-05-23T00:45:25.198-03:00  INFO 74129 --- [           main] com.biblioteca.AuthServiceApplication    : No active profile set, falling back to 1 default profile: "default"
2026-05-23T00:45:25.487-03:00  INFO 74129 --- [           main] .s.d.r.c.RepositoryConfigurationDelegate : Bootstrapping Spring Data JPA repositories in DEFAULT mode.
2026-05-23T00:45:25.499-03:00  INFO 74129 --- [           main] .s.d.r.c.RepositoryConfigurationDelegate : Finished Spring Data repository scanning in 11 ms. Found 1 JPA repository interface.
2026-05-23T00:45:25.763-03:00  INFO 74129 --- [           main] o.s.b.w.embedded.tomcat.TomcatWebServer  : Tomcat initialized with port 8080 (http)
2026-05-23T00:45:25.793-03:00  INFO 74129 --- [           main] o.apache.catalina.core.StandardService   : Starting service [Tomcat]
2026-05-23T00:45:25.794-03:00  INFO 74129 --- [           main] o.apache.catalina.core.StandardEngine    : Starting Servlet engine: [Apache Tomcat/10.1.17]
2026-05-23T00:45:25.934-03:00  INFO 74129 --- [           main] o.a.c.c.C.[Tomcat].[localhost].[/]       : Initializing Spring embedded WebApplicationContext
2026-05-23T00:45:25.934-03:00  INFO 74129 --- [           main] w.s.c.ServletWebServerApplicationContext : Root WebApplicationContext: initialization completed in 734 ms
2026-05-23T00:45:26.130-03:00 DEBUG 74129 --- [           main] c.biblioteca.common.security.JwtFilter   : Filter 'jwtFilter' configured for use
2026-05-23T00:45:26.181-03:00  INFO 74129 --- [           main] o.hibernate.jpa.internal.util.LogHelper  : HHH000204: Processing PersistenceUnitInfo [name: default]
2026-05-23T00:45:26.183-03:00  INFO 74129 --- [           main] o.h.c.internal.RegionFactoryInitiator    : HHH000026: Second-level cache disabled
2026-05-23T00:45:26.185-03:00  INFO 74129 --- [           main] o.s.o.j.p.SpringPersistenceUnitInfo      : No LoadTimeWeaver setup: ignoring JPA class transformer
2026-05-23T00:45:26.186-03:00  INFO 74129 --- [           main] com.zaxxer.hikari.HikariDataSource       : HikariPool-2 - Starting...
2026-05-23T00:45:26.187-03:00  INFO 74129 --- [           main] com.zaxxer.hikari.pool.HikariPool        : HikariPool-2 - Added connection conn10: url=jdbc:h2:mem:testdb user=SA
2026-05-23T00:45:26.187-03:00  INFO 74129 --- [           main] com.zaxxer.hikari.HikariDataSource       : HikariPool-2 - Start completed.
2026-05-23T00:45:26.187-03:00  WARN 74129 --- [           main] org.hibernate.orm.deprecation            : HHH90000025: H2Dialect does not need to be specified explicitly using 'hibernate.dialect' (remove the property setting and it will be selected by default)
2026-05-23T00:45:26.226-03:00  INFO 74129 --- [           main] o.h.e.t.j.p.i.JtaPlatformInitiator       : HHH000489: No JTA platform available (set 'hibernate.transaction.jta.platform' to enable JTA platform integration)
2026-05-23T00:45:26.230-03:00  INFO 74129 --- [           main] j.LocalContainerEntityManagerFactoryBean : Initialized JPA EntityManagerFactory for persistence unit 'default'
2026-05-23T00:45:26.377-03:00  WARN 74129 --- [           main] JpaBaseConfiguration$JpaWebConfiguration : spring.jpa.open-in-view is enabled by default. Therefore, database queries may be performed during view rendering. Explicitly configure spring.jpa.open-in-view to disable this warning
2026-05-23T00:45:26.395-03:00  WARN 74129 --- [           main] .s.s.UserDetailsServiceAutoConfiguration : 

Using generated security password: cf5c20f1-7fce-48fb-b186-3d7b06c30bf8

This generated password is for development use only. Your security configuration must be updated before running your application in production.

2026-05-23T00:45:26.596-03:00  INFO 74129 --- [           main] o.s.b.a.e.web.EndpointLinksResolver      : Exposing 1 endpoint(s) beneath base path '/actuator'
2026-05-23T00:45:26.636-03:00  INFO 74129 --- [           main] o.s.s.web.DefaultSecurityFilterChain     : Will secure any request with [org.springframework.security.web.session.DisableEncodeUrlFilter@7c5e042, org.springframework.security.web.context.request.async.WebAsyncManagerIntegrationFilter@503af304, org.springframework.security.web.context.SecurityContextHolderFilter@5621f31, org.springframework.security.web.header.HeaderWriterFilter@59bf5455, org.springframework.web.filter.CorsFilter@708cd37e, org.springframework.security.web.authentication.logout.LogoutFilter@3d483fc7, com.biblioteca.common.security.JwtFilter@477a8d2e, org.springframework.security.web.savedrequest.RequestCacheAwareFilter@55acdd62, org.springframework.security.web.servletapi.SecurityContextHolderAwareRequestFilter@664dcfd4, org.springframework.security.web.authentication.AnonymousAuthenticationFilter@7a2604ce, org.springframework.security.web.session.SessionManagementFilter@4e6a5d9a, org.springframework.security.web.access.ExceptionTranslationFilter@39af2801, org.springframework.security.web.access.intercept.AuthorizationFilter@1fcc2d02]
2026-05-23T00:45:26.933-03:00  INFO 74129 --- [           main] o.s.b.w.embedded.tomcat.TomcatWebServer  : Tomcat started on port 8080 (http) with context path ''
2026-05-23T00:45:26.940-03:00  INFO 74129 --- [           main] com.biblioteca.AuthServiceApplication    : Started AuthServiceApplication in 1.762 seconds (process running for 14.854)
]]></system-out>
  </testcase>
  <testcase name="contextLoads" classname="com.biblioteca.auth.AuthServiceApplicationTests" time="0.004"/>
</testsuite>