<?xml version="1.0" encoding="UTF-8"?>
<testsuite xmlns:xsi="http://www.w3.org/2001/XMLSchema-instance" xsi:noNamespaceSchemaLocation="https://maven.apache.org/surefire/maven-surefire-plugin/xsd/surefire-test-report-3.0.xsd" version="3.0" name="com.biblioteca.prestamo.repository.PrestamoRepositoryTest" time="7.12" tests="3" errors="0" skipped="0" failures="0">
  <properties>
[...]
</properties>
  <testcase name="findPrestamosVencidos_DeberiaRetornarSoloVencidos" classname="com.biblioteca.prestamo.repository.PrestamoRepositoryTest" time="0.795">
    <system-out><![CDATA[00:46:07.177 [main] INFO org.springframework.test.context.support.AnnotationConfigContextLoaderUtils -- Could not detect default configuration classes for test class [com.biblioteca.prestamo.repository.PrestamoRepositoryTest]: PrestamoRepositoryTest does not declare any static, non-private, non-final, nested classes annotated with @Configuration.
00:46:07.499 [main] INFO org.springframework.boot.test.context.SpringBootTestContextBootstrapper -- Found @SpringBootConfiguration com.biblioteca.PrestamoServiceApplication for test class com.biblioteca.prestamo.repository.PrestamoRepositoryTest

  .   ____          _            __ _ _
 /\\ / ___'_ __ _ _(_)_ __  __ _ \ \ \ \
( ( )\___ | '_ | '_| | '_ \/ _` | \ \ \ \
 \\/  ___)| |_)| | | | | || (_| |  ) ) ) )
  '  |____| .__|_| |_|_| |_\__, | / / / /
 =========|_|==============|___/=/_/_/_/
 :: Spring Boot ::                (v3.2.1)

2026-05-23T00:46:08.268-03:00  INFO 74221 --- [           main] c.b.p.repository.PrestamoRepositoryTest  : Starting PrestamoRepositoryTest using Java 17.0.12 with PID 74221 (started by familia in /Users/familia/Desktop/spring/biblioteca-microservicios/prestamo-service)
2026-05-23T00:46:08.270-03:00 DEBUG 74221 --- [           main] c.b.p.repository.PrestamoRepositoryTest  : Running with Spring Boot v3.2.1, Spring v6.1.2
2026-05-23T00:46:08.271-03:00  INFO 74221 --- [           main] c.b.p.repository.PrestamoRepositoryTest  : No active profile set, falling back to 1 default profile: "default"
2026-05-23T00:46:09.010-03:00  INFO 74221 --- [           main] .s.d.r.c.RepositoryConfigurationDelegate : Bootstrapping Spring Data JPA repositories in DEFAULT mode.
2026-05-23T00:46:09.121-03:00  INFO 74221 --- [           main] .s.d.r.c.RepositoryConfigurationDelegate : Finished Spring Data repository scanning in 94 ms. Found 1 JPA repository interface.
2026-05-23T00:46:09.211-03:00  INFO 74221 --- [           main] beddedDataSourceBeanFactoryPostProcessor : Replacing 'dataSource' DataSource bean with embedded version
2026-05-23T00:46:09.488-03:00  INFO 74221 --- [           main] o.s.j.d.e.EmbeddedDatabaseFactory        : Starting embedded database: url='jdbc:h2:mem:7d3236fb-70ea-47b8-a78d-64034645529b;DB_CLOSE_DELAY=-1;DB_CLOSE_ON_EXIT=false', username='sa'
2026-05-23T00:46:10.109-03:00  INFO 74221 --- [           main] o.hibernate.jpa.internal.util.LogHelper  : HHH000204: Processing PersistenceUnitInfo [name: default]
2026-05-23T00:46:10.220-03:00  INFO 74221 --- [           main] org.hibernate.Version                    : HHH000412: Hibernate ORM core version 6.4.1.Final
2026-05-23T00:46:10.288-03:00  INFO 74221 --- [           main] o.h.c.internal.RegionFactoryInitiator    : HHH000026: Second-level cache disabled
2026-05-23T00:46:10.681-03:00  INFO 74221 --- [           main] o.s.o.j.p.SpringPersistenceUnitInfo      : No LoadTimeWeaver setup: ignoring JPA class transformer
2026-05-23T00:46:10.761-03:00  WARN 74221 --- [           main] org.hibernate.orm.deprecation            : HHH90000025: H2Dialect does not need to be specified explicitly using 'hibernate.dialect' (remove the property setting and it will be selected by default)
2026-05-23T00:46:11.973-03:00  INFO 74221 --- [           main] o.h.e.t.j.p.i.JtaPlatformInitiator       : HHH000489: No JTA platform available (set 'hibernate.transaction.jta.platform' to enable JTA platform integration)
Hibernate: drop table if exists prestamo cascade 
Hibernate: create table prestamo (devuelto boolean not null, fecha_devolucion date, fecha_prestamo date not null, id bigint generated by default as identity, libro_id bigint not null, username varchar(100) not null, primary key (id))
Hibernate: create index idx_prestamo_username on prestamo (username)
Hibernate: create index idx_prestamo_libro_id on prestamo (libro_id)
Hibernate: create index idx_prestamo_fecha on prestamo (fecha_prestamo)
Hibernate: create index idx_prestamo_devuelto on prestamo (devuelto)
Hibernate: create index idx_prestamo_usuario_activo on prestamo (username, devuelto)
2026-05-23T00:46:12.032-03:00  INFO 74221 --- [           main] j.LocalContainerEntityManagerFactoryBean : Initialized JPA EntityManagerFactory for persistence unit 'default'
2026-05-23T00:46:12.429-03:00  INFO 74221 --- [           main] o.s.d.j.r.query.QueryEnhancerFactory     : Hibernate is in classpath; If applicable, HQL parser will be used.
2026-05-23T00:46:13.058-03:00  INFO 74221 --- [           main] c.b.p.repository.PrestamoRepositoryTest  : Started PrestamoRepositoryTest in 5.417 seconds (process running for 7.778)
Hibernate: insert into prestamo (devuelto,fecha_devolucion,fecha_prestamo,libro_id,username,id) values (?,?,?,?,?,default)
Hibernate: insert into prestamo (devuelto,fecha_devolucion,fecha_prestamo,libro_id,username,id) values (?,?,?,?,?,default)
Hibernate: select p1_0.id,p1_0.devuelto,p1_0.fecha_devolucion,p1_0.fecha_prestamo,p1_0.libro_id,p1_0.username from prestamo p1_0 where p1_0.devuelto=false and p1_0.fecha_prestamo<? offset ? rows fetch first ? rows only
]]></system-out>
  </testcase>
  <testcase name="findByUsername_DeberiaRetornarLista" classname="com.biblioteca.prestamo.repository.PrestamoRepositoryTest" time="0.03">
    <system-out><![CDATA[Hibernate: insert into prestamo (devuelto,fecha_devolucion,fecha_prestamo,libro_id,username,id) values (?,?,?,?,?,default)
Hibernate: select p1_0.id,p1_0.devuelto,p1_0.fecha_devolucion,p1_0.fecha_prestamo,p1_0.libro_id,p1_0.username from prestamo p1_0 where p1_0.username=?
]]></system-out>
  </testcase>
  <testcase name="findByFechaPrestamoEntre_DeberiaFiltrarCorrectamente" classname="com.biblioteca.prestamo.repository.PrestamoRepositoryTest" time="0.012">
    <system-out><![CDATA[Hibernate: insert into prestamo (devuelto,fecha_devolucion,fecha_prestamo,libro_id,username,id) values (?,?,?,?,?,default)
Hibernate: select p1_0.id,p1_0.devuelto,p1_0.fecha_devolucion,p1_0.fecha_prestamo,p1_0.libro_id,p1_0.username from prestamo p1_0 where p1_0.fecha_prestamo between ? and ? offset ? rows fetch first ? rows only
]]></system-out>
  </testcase>
</testsuite>